<?xml version="1.0" encoding="UTF-8"?>
<!-- Generated by org.testng.reporters.JUnitXMLReporter -->
<testsuite ignored="2" hostname="Shubham-HP-Laptop" failures="0" tests="1" name="Default test" time="2.509" errors="0" timestamp="2023-09-10T01:10:15 EDT">
  <testcase classname="auths.NoAuth" name="putcall" time="2.45"/>
  <testcase classname="auths.NoAuth" name="postcall" time="0.0">
    <ignored/>
  </testcase> <!-- postcall -->
  <testcase classname="auths.NoAuth" name="getcall" time="0.0">
    <ignored/>
  </testcase> <!-- getcall -->
</testsuite> <!-- Default test -->
