<?xml version="1.0" encoding="UTF-8"?>
<testng-results ignored="2" total="3" passed="1" failed="0" skipped="0">
  <reporter-output>
  </reporter-output>
  <suite started-at="2023-09-10T01:10:13 EDT" name="Default suite" finished-at="2023-09-10T01:10:15 EDT" duration-ms="2509">
    <groups>
    </groups>
    <test started-at="2023-09-10T01:10:13 EDT" name="Default test" finished-at="2023-09-10T01:10:15 EDT" duration-ms="2509">
      <class name="auths.NoAuth">
        <test-method signature="putcall()[pri:0, instance:auths.NoAuth@692f203f]" started-at="2023-09-10T01:10:13 EDT" name="putcall" finished-at="2023-09-10T01:10:15 EDT" duration-ms="2450" status="PASS">
          <reporter-output>
          </reporter-output>
        </test-method> <!-- putcall -->
      </class> <!-- auths.NoAuth -->
    </test> <!-- Default test -->
  </suite> <!-- Default suite -->
</testng-results>
